<?xml version="1.0" encoding="UTF-8"?>
<testsuite name="com.datastructure.MyQueueTest" tests="1" skipped="0" failures="0" errors="0" timestamp="2021-07-18T12:39:22" hostname="NIHARIKA" time="0.019">
  <properties/>
  <testcase name="given3Numbers_WhenAddedToQueue_ShouldAddAtEnd" classname="com.datastructure.MyQueueTest" time="0.019"/>
  <system-out><![CDATA[My Nodes : 56->30->70
]]></system-out>
  <system-err><![CDATA[]]></system-err>
</testsuite>
