<?xml version="1.0" encoding="UTF-8"?>
<testsuite name="com.datastructure.MyStackTest" tests="2" skipped="0" failures="0" errors="0" timestamp="2021-07-18T12:14:57" hostname="NIHARIKA" time="0.021">
  <properties/>
  <testcase name="given3NumbersInStack_WhenPoppedShouldMatch_WithLastAddedNode" classname="com.datastructure.MyStackTest" time="0.019"/>
  <testcase name="given3Numbers_WhenAddedToStack_ShouldHaveLastAddedNode" classname="com.datastructure.MyStackTest" time="0.001"/>
  <system-out><![CDATA[My Nodes : 30->70
My Nodes : 56->30->70
]]></system-out>
  <system-err><![CDATA[]]></system-err>
</testsuite>
