<?xml version="1.0" encoding="UTF-8"?>
<testsuite name="com.datastructure.MyStackTest" tests="1" skipped="0" failures="0" errors="0" timestamp="2021-07-18T11:42:40" hostname="NIHARIKA" time="0.069">
  <properties/>
  <testcase name="given3Numbers_WhenAddedToStack_ShouldHaveLastAddedNode" classname="com.datastructure.MyStackTest" time="0.069"/>
  <system-out><![CDATA[My Nodes : 56->30->70
]]></system-out>
  <system-err><![CDATA[]]></system-err>
</testsuite>
