<?xml version="1.0" encoding="UTF-8"?>
<testsuite name="com.datastructure.MyQueueTest" tests="2" skipped="0" failures="0" errors="0" timestamp="2021-07-18T13:00:44" hostname="NIHARIKA" time="0.011">
  <properties/>
  <testcase name="given3Numbers_WhenDeletedANode_ShouldMatchWith_NodeAtBeginning" classname="com.datastructure.MyQueueTest" time="0.01"/>
  <testcase name="given3Numbers_WhenAddedToQueue_ShouldAddAtEnd" classname="com.datastructure.MyQueueTest" time="0.001"/>
  <system-out><![CDATA[My Nodes : 30->70
My Nodes : 56->30->70
]]></system-out>
  <system-err><![CDATA[]]></system-err>
</testsuite>
